<?xml version="1.0" encoding="utf-8"?><testsuites name="pytest tests"><testsuite name="pytest" errors="0" failures="2" skipped="0" tests="20" time="6.367" timestamp="2026-05-08T11:50:30.717864+00:00" hostname="agent-env-2acc2e99-5498-436f-90e5-be9c837a9045"><testcase classname="backend.tests.test_v55_features.TestAuthFirst" name="test_root_redirects_to_login" time="0.340" /><testcase classname="backend.tests.test_v55_features.TestAuthFirst" name="test_login_html_no_admin_email" time="0.208" /><testcase classname="backend.tests.test_v55_features.TestLoginIdentifiers" name="test_admin_login_by_email" time="0.131" /><testcase classname="backend.tests.test_v55_features.TestLoginIdentifiers" name="test_admin_login_by_username" time="0.143" /><testcase classname="backend.tests.test_v55_features.TestDiagnostics" name="test_diagnostics_real_data" time="1.882" /><testcase classname="backend.tests.test_v55_features.TestPlans" name="test_list_plans" time="0.123"><failure message="AssertionError: missing plan regional: set()&#10;assert 'regional' in set()">backend/tests/test_v55_features.py:176: in test_list_plans
    assert k in ids, f"missing plan {k}: {ids}"
E   AssertionError: missing plan regional: set()
E   assert 'regional' in set()</failure></testcase><testcase classname="backend.tests.test_v55_features.TestPlans" name="test_plans_me_admin" time="0.218" /><testcase classname="backend.tests.test_v55_features.TestPlans" name="test_plans_me_regional" time="0.258" /><testcase classname="backend.tests.test_v55_features.TestSatelliteLayers" name="test_layers_regional_no_sar" time="0.105" /><testcase classname="backend.tests.test_v55_features.TestSatelliteLayers" name="test_layers_enterprise_has_sar" time="0.319" /><testcase classname="backend.tests.test_v55_features.TestPlanGating" name="test_carbon_regional_forbidden" time="0.121" /><testcase classname="backend.tests.test_v55_features.TestPlanGating" name="test_carbon_enterprise_ok" time="0.288" /><testcase classname="backend.tests.test_v55_features.TestPlanGating" name="test_pdf_export_regional_forbidden" time="0.122" /><testcase classname="backend.tests.test_v55_features.TestPlanGating" name="test_pdf_export_enterprise_ok" time="0.464" /><testcase classname="backend.tests.test_v55_features.TestAdminCreateWithPlan" name="test_create_user_with_plan" time="0.423" /><testcase classname="backend.tests.test_v55_features.TestPipelineRun" name="test_pipeline_run_updates_status" time="0.239"><failure message="AssertionError: {&quot;detail&quot;:[{&quot;type&quot;:&quot;missing&quot;,&quot;loc&quot;:[&quot;body&quot;],&quot;msg&quot;:&quot;Field required&quot;,&quot;input&quot;:null}]}&#10;assert 422 in (200, 201, 202)&#10; +  where 422 = &lt;Response [422]&gt;.status_code">backend/tests/test_v55_features.py:309: in test_pipeline_run_updates_status
    assert r.status_code in (200, 201, 202), r.text[:200]
E   AssertionError: {"detail":[{"type":"missing","loc":["body"],"msg":"Field required","input":null}]}
E   assert 422 in (200, 201, 202)
E    +  where 422 = &lt;Response [422]&gt;.status_code</failure></testcase><testcase classname="backend.tests.test_v55_features.TestWebSocket" name="test_ws_snapshot" time="0.185" /><testcase classname="backend.tests.test_v55_features.TestAuditChain" name="test_audit_chain_integro" time="0.118" /><testcase classname="backend.tests.test_v55_features.TestDetections" name="test_detections_fields" time="0.309" /><testcase classname="backend.tests.test_v55_features.TestDetections" name="test_detections_map_features" time="0.237" /></testsuite></testsuites>