<?xml version="1.0" encoding="utf-8"?><testsuites name="pytest tests"><testsuite name="pytest" errors="0" failures="1" skipped="0" tests="36" time="4.932" timestamp="2026-05-08T02:58:43.580114+00:00" hostname="agent-env-2acc2e99-5498-436f-90e5-be9c837a9045"><testcase classname="backend.tests.backend_test.TestAuth" name="test_login_with_email" time="0.144" /><testcase classname="backend.tests.backend_test.TestAuth" name="test_login_with_username" time="0.046" /><testcase classname="backend.tests.backend_test.TestAuth" name="test_login_invalid_password" time="0.051" /><testcase classname="backend.tests.backend_test.TestHealthInfo" name="test_health" time="0.049" /><testcase classname="backend.tests.backend_test.TestHealthInfo" name="test_v55_info" time="0.046" /><testcase classname="backend.tests.backend_test.TestAdminProtection" name="test_unauth_blocked[GET-/api/admin/stats]" time="0.050" /><testcase classname="backend.tests.backend_test.TestAdminProtection" name="test_unauth_blocked[GET-/api/admin/users]" time="0.049" /><testcase classname="backend.tests.backend_test.TestAdminProtection" name="test_unauth_blocked[POST-/api/admin/users]" time="0.052" /><testcase classname="backend.tests.backend_test.TestAdminProtection" name="test_unauth_blocked[GET-/api/admin/audit-log]" time="0.050" /><testcase classname="backend.tests.backend_test.TestAdminCRUD" name="test_admin_stats" time="0.202" /><testcase classname="backend.tests.backend_test.TestAdminCRUD" name="test_admin_users_list" time="0.047" /><testcase classname="backend.tests.backend_test.TestAdminCRUD" name="test_admin_user_full_lifecycle" time="0.471" /><testcase classname="backend.tests.backend_test.TestAdminCRUD" name="test_admin_audit_log" time="0.046" /><testcase classname="backend.tests.backend_test.TestCarbon" name="test_carbon_credits" time="0.320" /><testcase classname="backend.tests.backend_test.TestCompliance" name="test_normativas" time="0.046" /><testcase classname="backend.tests.backend_test.TestCompliance" name="test_summary" time="0.160" /><testcase classname="backend.tests.backend_test.TestCompliance" name="test_violations" time="0.156" /><testcase classname="backend.tests.backend_test.TestExports" name="test_csv" time="0.173" /><testcase classname="backend.tests.backend_test.TestExports" name="test_excel" time="0.283" /><testcase classname="backend.tests.backend_test.TestExports" name="test_pdf" time="0.222" /><testcase classname="backend.tests.backend_test.TestApiKeys" name="test_keys_lifecycle" time="0.148" /><testcase classname="backend.tests.backend_test.TestWebhooks" name="test_webhook_lifecycle" time="0.144" /><testcase classname="backend.tests.backend_test.TestAuditChain" name="test_chain_integrity" time="0.048" /><testcase classname="backend.tests.backend_test.TestAnalytics" name="test_by_period_month" time="0.224" /><testcase classname="backend.tests.backend_test.TestAnalytics" name="test_by_asset" time="0.158" /><testcase classname="backend.tests.backend_test.TestWebSocket" name="test_ws_heartbeat" time="0.156" /><testcase classname="backend.tests.backend_test.TestV54Endpoints" name="test_v54_endpoint[/api/status]" time="0.045" /><testcase classname="backend.tests.backend_test.TestV54Endpoints" name="test_v54_endpoint[/api/detections]" time="0.165" /><testcase classname="backend.tests.backend_test.TestV54Endpoints" name="test_v54_endpoint[/api/detections/map]" time="0.160" /><testcase classname="backend.tests.backend_test.TestV54Endpoints" name="test_v54_endpoint[/api/detections/latest]" time="0.045" /><testcase classname="backend.tests.backend_test.TestV54Endpoints" name="test_v54_endpoint[/api/dashboard/summary]" time="0.153" /><testcase classname="backend.tests.backend_test.TestV54Endpoints" name="test_v54_endpoint[/api/tickets]" time="0.141" /><testcase classname="backend.tests.backend_test.TestV54Endpoints" name="test_v54_endpoint[/api/ml/status]" time="0.046" /><testcase classname="backend.tests.backend_test.TestV54Endpoints" name="test_v54_endpoint[/api/ml/predictions]" time="0.170"><failure message="AssertionError: /api/ml/predictions -&gt; 500 Internal Server Error&#10;assert 500 == 200&#10; +  where 500 = &lt;Response [500]&gt;.status_code">E   AssertionError: /api/ml/predictions -&gt; 500 Internal Server Error
    assert 500 == 200
     +  where 500 = &lt;Response [500]&gt;.status_code</failure></testcase><testcase classname="backend.tests.backend_test.TestV54Endpoints" name="test_v54_endpoint[/api/tropomi/status]" time="0.047" /><testcase classname="backend.tests.backend_test.TestV54Endpoints" name="test_v54_endpoint[/api/supabase/status]" time="0.336" /></testsuite></testsuites>